Running RAW_SIMPLESTATS_TABLE ...
Running STATS on File ./output/dataset/baci96/raw_baci_hs96-1998-2012.h5
Computing SIMPLE STATS for dataset: RAW
Running DATASET_PRODUCTCODE_INTERTEMPORAL_TABLES ...
Computing Composition Tables for: ./output/dataset/baci96/baci-export-sitcr2l4-1998to2012.h5
Computing table for dataset: /A ...
Computing Composition Tables for: ./output/dataset/baci96/baci-import-sitcr2l1-1998to2012.h5
Computing table for dataset: /A ...
Computing Composition Tables for: ./output/dataset/baci96/baci-trade-sitcr2l2-1998to2012.h5
Computing table for dataset: /A ...
Computing Composition Tables for: ./output/dataset/baci96/baci-import-sitcr2l3-1998to2012.h5
Computing table for dataset: /A ...
Computing Composition Tables for: ./output/dataset/baci96/baci-export-sitcr2l3-1998to2012.h5
Computing table for dataset: /A ...
Computing Composition Tables for: ./output/dataset/baci96/baci-export-sitcr2l1-1998to2012.h5
Computing table for dataset: /A ...
Computing Composition Tables for: ./output/dataset/baci96/baci-trade-sitcr2l1-1998to2012.h5
Computing table for dataset: /A ...
Computing Composition Tables for: ./output/dataset/baci96/baci-trade-sitcr2l3-1998to2012.h5
Computing table for dataset: /A ...
Computing Composition Tables for: ./output/dataset/baci96/baci-trade-sitcr2l5-1998to2012.h5
Computing table for dataset: /A ...
Computing Composition Tables for: ./output/dataset/baci96/baci-export-sitcr2l5-1998to2012.h5
Computing table for dataset: /A ...
Computing Composition Tables for: ./output/dataset/baci96/baci-export-sitcr2l2-1998to2012.h5
Computing table for dataset: /A ...
Computing Composition Tables for: ./output/dataset/baci96/baci-trade-sitcr2l4-1998to2012.h5
Computing table for dataset: /A ...
Computing Composition Tables for: ./output/dataset/baci96/baci-import-sitcr2l5-1998to2012.h5
Computing table for dataset: /A ...
Computing Composition Tables for: ./output/dataset/baci96/baci-import-sitcr2l2-1998to2012.h5
Computing table for dataset: /A ...
Computing Composition Tables for: ./output/dataset/baci96/baci-import-sitcr2l4-1998to2012.h5
Computing table for dataset: /A ...
Running DATASET_COUNTRYCODE_INTERTEMPORAL_TABLES ...
Computing Composition Tables for: ./output/dataset/baci96/baci-export-sitcr2l4-1998to2012.h5
Computing table for dataset: /A ...
Computing Composition Tables for: ./output/dataset/baci96/baci-import-sitcr2l1-1998to2012.h5
Computing table for dataset: /A ...
Computing Composition Tables for: ./output/dataset/baci96/baci-trade-sitcr2l2-1998to2012.h5
Computing table for dataset: /A ...
Computing Composition Tables for: ./output/dataset/baci96/baci-import-sitcr2l3-1998to2012.h5
Computing table for dataset: /A ...
Computing Composition Tables for: ./output/dataset/baci96/baci-export-sitcr2l3-1998to2012.h5
Computing table for dataset: /A ...
Computing Composition Tables for: ./output/dataset/baci96/baci-export-sitcr2l1-1998to2012.h5
Computing table for dataset: /A ...
Computing Composition Tables for: ./output/dataset/baci96/baci-trade-sitcr2l1-1998to2012.h5
Computing table for dataset: /A ...
Computing Composition Tables for: ./output/dataset/baci96/baci-trade-sitcr2l3-1998to2012.h5
Computing table for dataset: /A ...
Computing Composition Tables for: ./output/dataset/baci96/baci-trade-sitcr2l5-1998to2012.h5
Computing table for dataset: /A ...
Computing Composition Tables for: ./output/dataset/baci96/baci-export-sitcr2l5-1998to2012.h5
Computing table for dataset: /A ...
Computing Composition Tables for: ./output/dataset/baci96/baci-export-sitcr2l2-1998to2012.h5
Computing table for dataset: /A ...
Computing Composition Tables for: ./output/dataset/baci96/baci-trade-sitcr2l4-1998to2012.h5
Computing table for dataset: /A ...
Computing Composition Tables for: ./output/dataset/baci96/baci-import-sitcr2l5-1998to2012.h5
Computing table for dataset: /A ...
Computing Composition Tables for: ./output/dataset/baci96/baci-import-sitcr2l2-1998to2012.h5
Computing table for dataset: /A ...
Computing Composition Tables for: ./output/dataset/baci96/baci-import-sitcr2l4-1998to2012.h5
Computing table for dataset: /A ...
Running DATASET_SIMPLESTATS_TABLE: ...
Running STATS on File ./output/dataset/baci96/baci-export-sitcr2l4-1998to2012.h5
Computing SIMPLE STATS for dataset: A
Running STATS on File ./output/dataset/baci96/baci-import-sitcr2l1-1998to2012.h5
Computing SIMPLE STATS for dataset: A
Running STATS on File ./output/dataset/baci96/baci-trade-sitcr2l2-1998to2012.h5
Computing SIMPLE STATS for dataset: A
Running STATS on File ./output/dataset/baci96/baci-import-sitcr2l3-1998to2012.h5
Computing SIMPLE STATS for dataset: A
Running STATS on File ./output/dataset/baci96/baci-export-sitcr2l3-1998to2012.h5
Computing SIMPLE STATS for dataset: A
Running STATS on File ./output/dataset/baci96/baci-export-sitcr2l1-1998to2012.h5
Computing SIMPLE STATS for dataset: A
Running STATS on File ./output/dataset/baci96/baci-trade-sitcr2l1-1998to2012.h5
Computing SIMPLE STATS for dataset: A
Running STATS on File ./output/dataset/baci96/baci-trade-sitcr2l3-1998to2012.h5
Computing SIMPLE STATS for dataset: A
Running STATS on File ./output/dataset/baci96/baci-trade-sitcr2l5-1998to2012.h5
Computing SIMPLE STATS for dataset: A
Running STATS on File ./output/dataset/baci96/baci-export-sitcr2l5-1998to2012.h5
Computing SIMPLE STATS for dataset: A
Running STATS on File ./output/dataset/baci96/baci-export-sitcr2l2-1998to2012.h5
Computing SIMPLE STATS for dataset: A
Running STATS on File ./output/dataset/baci96/baci-trade-sitcr2l4-1998to2012.h5
Computing SIMPLE STATS for dataset: A
Running STATS on File ./output/dataset/baci96/baci-import-sitcr2l5-1998to2012.h5
Computing SIMPLE STATS for dataset: A
Running STATS on File ./output/dataset/baci96/baci-import-sitcr2l2-1998to2012.h5
Computing SIMPLE STATS for dataset: A
Running STATS on File ./output/dataset/baci96/baci-import-sitcr2l4-1998to2012.h5
Computing SIMPLE STATS for dataset: A
