Running DATASET_PRODUCTCODE_INTERTEMPORAL_TABLES ...
Computing Composition Tables for: ./output/dataset/nberbaci96/nberbaci-trade-sitcr2l2-1962to2012-harmonised.h5
Computing table for dataset: /A ...
Computing table for dataset: /B ...
Computing table for dataset: /C ...
Computing table for dataset: /D ...
Computing table for dataset: /E ...
Computing table for dataset: /F ...
Computing table for dataset: /G ...
Computing Composition Tables for: ./output/dataset/nberbaci96/nberbaci-import-sitcr2l4-1962to2012-harmonised.h5
Computing table for dataset: /A ...
Computing table for dataset: /B ...
Computing table for dataset: /C ...
Computing table for dataset: /D ...
Computing table for dataset: /E ...
Computing table for dataset: /F ...
Computing table for dataset: /G ...
Computing Composition Tables for: ./output/dataset/nberbaci96/nberbaci-trade-sitcr2l3-1962to2012-harmonised.h5
Computing table for dataset: /A ...
Computing table for dataset: /B ...
Computing table for dataset: /C ...
Computing table for dataset: /D ...
Computing table for dataset: /E ...
Computing table for dataset: /F ...
Computing table for dataset: /G ...
Computing Composition Tables for: ./output/dataset/nberbaci96/nberbaci-trade-sitcr2l1-1962to2012-harmonised.h5
Computing table for dataset: /A ...
Computing table for dataset: /B ...
Computing table for dataset: /C ...
Computing table for dataset: /D ...
Computing table for dataset: /G ...
Computing Composition Tables for: ./output/dataset/nberbaci96/nberbaci-export-sitcr2l3-1962to2012-harmonised.h5
Computing table for dataset: /A ...
Computing table for dataset: /B ...
Computing table for dataset: /C ...
Computing table for dataset: /D ...
Computing table for dataset: /E ...
Computing table for dataset: /F ...
Computing table for dataset: /G ...
Computing Composition Tables for: ./output/dataset/nberbaci96/nberbaci-import-sitcr2l1-1962to2012-harmonised.h5
Computing table for dataset: /A ...
Computing table for dataset: /B ...
Computing table for dataset: /C ...
Computing table for dataset: /D ...
Computing table for dataset: /G ...
Computing Composition Tables for: ./output/dataset/nberbaci96/nberbaci-trade-sitcr2l4-1962to2012-harmonised.h5
Computing table for dataset: /A ...
Computing table for dataset: /B ...
Computing table for dataset: /C ...
Computing table for dataset: /D ...
Computing table for dataset: /E ...
Computing table for dataset: /F ...
Computing table for dataset: /G ...
Computing Composition Tables for: ./output/dataset/nberbaci96/nberbaci-export-sitcr2l2-1962to2012-harmonised.h5
Computing table for dataset: /A ...
Computing table for dataset: /B ...
Computing table for dataset: /C ...
Computing table for dataset: /D ...
Computing table for dataset: /E ...
Computing table for dataset: /F ...
Computing table for dataset: /G ...
Computing Composition Tables for: ./output/dataset/nberbaci96/nberbaci-import-sitcr2l3-1962to2012-harmonised.h5
Computing table for dataset: /A ...
Computing table for dataset: /B ...
Computing table for dataset: /C ...
Computing table for dataset: /D ...
Computing table for dataset: /E ...
Computing table for dataset: /F ...
Computing table for dataset: /G ...
Computing Composition Tables for: ./output/dataset/nberbaci96/nberbaci-import-sitcr2l2-1962to2012-harmonised.h5
Computing table for dataset: /A ...
Computing table for dataset: /B ...
Computing table for dataset: /C ...
Computing table for dataset: /D ...
Computing table for dataset: /E ...
Computing table for dataset: /F ...
Computing table for dataset: /G ...
Computing Composition Tables for: ./output/dataset/nberbaci96/nberbaci-export-sitcr2l1-1962to2012-harmonised.h5
Computing table for dataset: /A ...
Computing table for dataset: /B ...
Computing table for dataset: /C ...
Computing table for dataset: /D ...
Computing table for dataset: /G ...
Computing Composition Tables for: ./output/dataset/nberbaci96/nberbaci-export-sitcr2l4-1962to2012-harmonised.h5
Computing table for dataset: /A ...
Computing table for dataset: /B ...
Computing table for dataset: /C ...
Computing table for dataset: /D ...
Computing table for dataset: /E ...
Computing table for dataset: /F ...
Computing table for dataset: /G ...
Running DATASET_COUNTRYCODE_INTERTEMPORAL_TABLES ...
Computing Composition Tables for: ./output/dataset/nberbaci96/nberbaci-trade-sitcr2l2-1962to2012-harmonised.h5
Computing table for dataset: /A ...
Computing table for dataset: /B ...
Computing table for dataset: /C ...
Computing table for dataset: /D ...
Computing table for dataset: /E ...
Computing table for dataset: /F ...
Computing table for dataset: /G ...
Computing Composition Tables for: ./output/dataset/nberbaci96/nberbaci-import-sitcr2l4-1962to2012-harmonised.h5
Computing table for dataset: /A ...
Computing table for dataset: /B ...
Computing table for dataset: /C ...
Computing table for dataset: /D ...
Computing table for dataset: /E ...
Computing table for dataset: /F ...
Computing table for dataset: /G ...
Computing Composition Tables for: ./output/dataset/nberbaci96/nberbaci-trade-sitcr2l3-1962to2012-harmonised.h5
Computing table for dataset: /A ...
Computing table for dataset: /B ...
Computing table for dataset: /C ...
Computing table for dataset: /D ...
Computing table for dataset: /E ...
Computing table for dataset: /F ...
Computing table for dataset: /G ...
Computing Composition Tables for: ./output/dataset/nberbaci96/nberbaci-trade-sitcr2l1-1962to2012-harmonised.h5
Computing table for dataset: /A ...
Computing table for dataset: /B ...
Computing table for dataset: /C ...
Computing table for dataset: /D ...
Computing table for dataset: /G ...
Computing Composition Tables for: ./output/dataset/nberbaci96/nberbaci-export-sitcr2l3-1962to2012-harmonised.h5
Computing table for dataset: /A ...
Computing table for dataset: /B ...
Computing table for dataset: /C ...
Computing table for dataset: /D ...
Computing table for dataset: /E ...
Computing table for dataset: /F ...
Computing table for dataset: /G ...
Computing Composition Tables for: ./output/dataset/nberbaci96/nberbaci-import-sitcr2l1-1962to2012-harmonised.h5
Computing table for dataset: /A ...
Computing table for dataset: /B ...
Computing table for dataset: /C ...
Computing table for dataset: /D ...
Computing table for dataset: /G ...
Computing Composition Tables for: ./output/dataset/nberbaci96/nberbaci-trade-sitcr2l4-1962to2012-harmonised.h5
Computing table for dataset: /A ...
Computing table for dataset: /B ...
Computing table for dataset: /C ...
Computing table for dataset: /D ...
Computing table for dataset: /E ...
Computing table for dataset: /F ...
Computing table for dataset: /G ...
Computing Composition Tables for: ./output/dataset/nberbaci96/nberbaci-export-sitcr2l2-1962to2012-harmonised.h5
Computing table for dataset: /A ...
Computing table for dataset: /B ...
Computing table for dataset: /C ...
Computing table for dataset: /D ...
Computing table for dataset: /E ...
Computing table for dataset: /F ...
Computing table for dataset: /G ...
Computing Composition Tables for: ./output/dataset/nberbaci96/nberbaci-import-sitcr2l3-1962to2012-harmonised.h5
Computing table for dataset: /A ...
Computing table for dataset: /B ...
Computing table for dataset: /C ...
Computing table for dataset: /D ...
Computing table for dataset: /E ...
Computing table for dataset: /F ...
Computing table for dataset: /G ...
Computing Composition Tables for: ./output/dataset/nberbaci96/nberbaci-import-sitcr2l2-1962to2012-harmonised.h5
Computing table for dataset: /A ...
Computing table for dataset: /B ...
Computing table for dataset: /C ...
Computing table for dataset: /D ...
Computing table for dataset: /E ...
Computing table for dataset: /F ...
Computing table for dataset: /G ...
Computing Composition Tables for: ./output/dataset/nberbaci96/nberbaci-export-sitcr2l1-1962to2012-harmonised.h5
Computing table for dataset: /A ...
Computing table for dataset: /B ...
Computing table for dataset: /C ...
Computing table for dataset: /D ...
Computing table for dataset: /G ...
Computing Composition Tables for: ./output/dataset/nberbaci96/nberbaci-export-sitcr2l4-1962to2012-harmonised.h5
Computing table for dataset: /A ...
Computing table for dataset: /B ...
Computing table for dataset: /C ...
Computing table for dataset: /D ...
Computing table for dataset: /E ...
Computing table for dataset: /F ...
Computing table for dataset: /G ...
Running DATASET_SIMPLESTATS_TABLE: ...
Running STATS on File ./output/dataset/nberbaci96/nberbaci-trade-sitcr2l2-1962to2012-harmonised.h5
Computing SIMPLE STATS for dataset: A
Computing SIMPLE STATS for dataset: B
Computing SIMPLE STATS for dataset: C
Computing SIMPLE STATS for dataset: D
Computing SIMPLE STATS for dataset: E
Computing SIMPLE STATS for dataset: F
Computing SIMPLE STATS for dataset: G
Running STATS on File ./output/dataset/nberbaci96/nberbaci-import-sitcr2l4-1962to2012-harmonised.h5
Computing SIMPLE STATS for dataset: A
Computing SIMPLE STATS for dataset: B
Computing SIMPLE STATS for dataset: C
Computing SIMPLE STATS for dataset: D
Computing SIMPLE STATS for dataset: E
Computing SIMPLE STATS for dataset: F
Computing SIMPLE STATS for dataset: G
Running STATS on File ./output/dataset/nberbaci96/nberbaci-trade-sitcr2l3-1962to2012-harmonised.h5
Computing SIMPLE STATS for dataset: A
Computing SIMPLE STATS for dataset: B
Computing SIMPLE STATS for dataset: C
Computing SIMPLE STATS for dataset: D
Computing SIMPLE STATS for dataset: E
Computing SIMPLE STATS for dataset: F
Computing SIMPLE STATS for dataset: G
Running STATS on File ./output/dataset/nberbaci96/nberbaci-trade-sitcr2l1-1962to2012-harmonised.h5
Computing SIMPLE STATS for dataset: A
Computing SIMPLE STATS for dataset: B
Computing SIMPLE STATS for dataset: C
Computing SIMPLE STATS for dataset: D
Computing SIMPLE STATS for dataset: G
Running STATS on File ./output/dataset/nberbaci96/nberbaci-export-sitcr2l3-1962to2012-harmonised.h5
Computing SIMPLE STATS for dataset: A
Computing SIMPLE STATS for dataset: B
Computing SIMPLE STATS for dataset: C
Computing SIMPLE STATS for dataset: D
Computing SIMPLE STATS for dataset: E
Computing SIMPLE STATS for dataset: F
Computing SIMPLE STATS for dataset: G
Running STATS on File ./output/dataset/nberbaci96/nberbaci-import-sitcr2l1-1962to2012-harmonised.h5
Computing SIMPLE STATS for dataset: A
Computing SIMPLE STATS for dataset: B
Computing SIMPLE STATS for dataset: C
Computing SIMPLE STATS for dataset: D
Computing SIMPLE STATS for dataset: G
Running STATS on File ./output/dataset/nberbaci96/nberbaci-trade-sitcr2l4-1962to2012-harmonised.h5
Computing SIMPLE STATS for dataset: A
Computing SIMPLE STATS for dataset: B
Computing SIMPLE STATS for dataset: C
Computing SIMPLE STATS for dataset: D
Computing SIMPLE STATS for dataset: E
Computing SIMPLE STATS for dataset: F
Computing SIMPLE STATS for dataset: G
Running STATS on File ./output/dataset/nberbaci96/nberbaci-export-sitcr2l2-1962to2012-harmonised.h5
Computing SIMPLE STATS for dataset: A
Computing SIMPLE STATS for dataset: B
Computing SIMPLE STATS for dataset: C
Computing SIMPLE STATS for dataset: D
Computing SIMPLE STATS for dataset: E
Computing SIMPLE STATS for dataset: F
Computing SIMPLE STATS for dataset: G
Running STATS on File ./output/dataset/nberbaci96/nberbaci-import-sitcr2l3-1962to2012-harmonised.h5
Computing SIMPLE STATS for dataset: A
Computing SIMPLE STATS for dataset: B
Computing SIMPLE STATS for dataset: C
Computing SIMPLE STATS for dataset: D
Computing SIMPLE STATS for dataset: E
Computing SIMPLE STATS for dataset: F
Computing SIMPLE STATS for dataset: G
Running STATS on File ./output/dataset/nberbaci96/nberbaci-import-sitcr2l2-1962to2012-harmonised.h5
Computing SIMPLE STATS for dataset: A
Computing SIMPLE STATS for dataset: B
Computing SIMPLE STATS for dataset: C
Computing SIMPLE STATS for dataset: D
Computing SIMPLE STATS for dataset: E
Computing SIMPLE STATS for dataset: F
Computing SIMPLE STATS for dataset: G
Running STATS on File ./output/dataset/nberbaci96/nberbaci-export-sitcr2l1-1962to2012-harmonised.h5
Computing SIMPLE STATS for dataset: A
Computing SIMPLE STATS for dataset: B
Computing SIMPLE STATS for dataset: C
Computing SIMPLE STATS for dataset: D
Computing SIMPLE STATS for dataset: G
Running STATS on File ./output/dataset/nberbaci96/nberbaci-export-sitcr2l4-1962to2012-harmonised.h5
Computing SIMPLE STATS for dataset: A
Computing SIMPLE STATS for dataset: B
Computing SIMPLE STATS for dataset: C
Computing SIMPLE STATS for dataset: D
Computing SIMPLE STATS for dataset: E
Computing SIMPLE STATS for dataset: F
Computing SIMPLE STATS for dataset: G
DATASET_PERCENTWORLDTRADE_PLOTS ... 
Producing GRAPH on File ./output/dataset/nberbaci96/nberbaci-trade-sitcr2l2-1962to2012-harmonised.h5
Computing GRAPH for dataset: /A
