
Running DATASET_SIMPLESTATS_TABLE ...

Running STATS on File ./output/dataset/nber/nber-import-sitcr2l1-1962to2000.h5
Computing SIMPLE STATS for dataset: A
Computing SIMPLE STATS for dataset: B
Computing SIMPLE STATS for dataset: C
Computing SIMPLE STATS for dataset: D
Computing SIMPLE STATS for dataset: G
Running STATS on File ./output/dataset/nber/nber-import-sitcr2l3-1962to2000.h5
Computing SIMPLE STATS for dataset: A
Computing SIMPLE STATS for dataset: B
Computing SIMPLE STATS for dataset: C
Computing SIMPLE STATS for dataset: D
Computing SIMPLE STATS for dataset: E
Computing SIMPLE STATS for dataset: F
Computing SIMPLE STATS for dataset: G
Running STATS on File ./output/dataset/nber/nber-trade-sitcr2l1-1962to2000.h5
Computing SIMPLE STATS for dataset: A
Computing SIMPLE STATS for dataset: B
Computing SIMPLE STATS for dataset: C
Computing SIMPLE STATS for dataset: D
Computing SIMPLE STATS for dataset: G
Running STATS on File ./output/dataset/nber/nber-export-sitcr2l4-1962to2000.h5
Computing SIMPLE STATS for dataset: A
Computing SIMPLE STATS for dataset: B
Computing SIMPLE STATS for dataset: C
Computing SIMPLE STATS for dataset: D
Computing SIMPLE STATS for dataset: E
Computing SIMPLE STATS for dataset: F
Computing SIMPLE STATS for dataset: G
Running STATS on File ./output/dataset/nber/nber-export-sitcr2l3-1962to2000.h5
Computing SIMPLE STATS for dataset: A
Computing SIMPLE STATS for dataset: B
Computing SIMPLE STATS for dataset: C
Computing SIMPLE STATS for dataset: D
Computing SIMPLE STATS for dataset: E
Computing SIMPLE STATS for dataset: F
Computing SIMPLE STATS for dataset: G
Running STATS on File ./output/dataset/nber/nber-trade-sitcr2l3-1962to2000.h5
Computing SIMPLE STATS for dataset: A
Computing SIMPLE STATS for dataset: B
Computing SIMPLE STATS for dataset: C
Computing SIMPLE STATS for dataset: D
Computing SIMPLE STATS for dataset: E
Computing SIMPLE STATS for dataset: F
Computing SIMPLE STATS for dataset: G
Running STATS on File ./output/dataset/nber/nber-import-sitcr2l4-1962to2000.h5
Computing SIMPLE STATS for dataset: A
Computing SIMPLE STATS for dataset: B
Computing SIMPLE STATS for dataset: C
Computing SIMPLE STATS for dataset: D
Computing SIMPLE STATS for dataset: E
Computing SIMPLE STATS for dataset: F
Computing SIMPLE STATS for dataset: G
Running STATS on File ./output/dataset/nber/nber-export-sitcr2l1-1962to2000.h5
Computing SIMPLE STATS for dataset: A
Computing SIMPLE STATS for dataset: B
Computing SIMPLE STATS for dataset: C
Computing SIMPLE STATS for dataset: D
Computing SIMPLE STATS for dataset: G
Running STATS on File ./output/dataset/nber/nber-import-sitcr2l2-1962to2000.h5
Computing SIMPLE STATS for dataset: A
Computing SIMPLE STATS for dataset: B
Computing SIMPLE STATS for dataset: C
Computing SIMPLE STATS for dataset: D
Computing SIMPLE STATS for dataset: E
Computing SIMPLE STATS for dataset: F
Computing SIMPLE STATS for dataset: G
Running STATS on File ./output/dataset/nber/nber-trade-sitcr2l2-1962to2000.h5
Computing SIMPLE STATS for dataset: A
Computing SIMPLE STATS for dataset: B
Computing SIMPLE STATS for dataset: C
Computing SIMPLE STATS for dataset: D
Computing SIMPLE STATS for dataset: E
Computing SIMPLE STATS for dataset: F
Computing SIMPLE STATS for dataset: G
Running STATS on File ./output/dataset/nber/nber-export-sitcr2l2-1962to2000.h5
Computing SIMPLE STATS for dataset: A
Computing SIMPLE STATS for dataset: B
Computing SIMPLE STATS for dataset: C
Computing SIMPLE STATS for dataset: D
Computing SIMPLE STATS for dataset: E
Computing SIMPLE STATS for dataset: F
Computing SIMPLE STATS for dataset: G
Running STATS on File ./output/dataset/nber/nber-trade-sitcr2l4-1962to2000.h5
Computing SIMPLE STATS for dataset: A
Computing SIMPLE STATS for dataset: B
Computing SIMPLE STATS for dataset: C
Computing SIMPLE STATS for dataset: D
Computing SIMPLE STATS for dataset: E
Computing SIMPLE STATS for dataset: F
Computing SIMPLE STATS for dataset: G
[6200] Running DATASET_PRODUCTCODE_INTERTEMPORAL_TABLES ...
Computing Composition Tables for: ./output/dataset/nber/nber-import-sitcr2l1-1962to2000.h5
Computing table for dataset: /A ...
Computing table for dataset: /B ...
Computing table for dataset: /C ...
Computing table for dataset: /D ...
Computing table for dataset: /G ...
Computing Composition Tables for: ./output/dataset/nber/nber-import-sitcr2l3-1962to2000.h5
Computing table for dataset: /A ...
Computing table for dataset: /B ...
Computing table for dataset: /C ...
Computing table for dataset: /D ...
Computing table for dataset: /E ...
Computing table for dataset: /F ...
Computing table for dataset: /G ...
Computing Composition Tables for: ./output/dataset/nber/nber-trade-sitcr2l1-1962to2000.h5
Computing table for dataset: /A ...
Computing table for dataset: /B ...
Computing table for dataset: /C ...
Computing table for dataset: /D ...
Computing table for dataset: /G ...
Computing Composition Tables for: ./output/dataset/nber/nber-export-sitcr2l4-1962to2000.h5
Computing table for dataset: /A ...
Computing table for dataset: /B ...
Computing table for dataset: /C ...
Computing table for dataset: /D ...
Computing table for dataset: /E ...
Computing table for dataset: /F ...
Computing table for dataset: /G ...
Computing Composition Tables for: ./output/dataset/nber/nber-export-sitcr2l3-1962to2000.h5
Computing table for dataset: /A ...
Computing table for dataset: /B ...
Computing table for dataset: /C ...
Computing table for dataset: /D ...
Computing table for dataset: /E ...
Computing table for dataset: /F ...
Computing table for dataset: /G ...
Computing Composition Tables for: ./output/dataset/nber/nber-trade-sitcr2l3-1962to2000.h5
Computing table for dataset: /A ...
Computing table for dataset: /B ...
Computing table for dataset: /C ...
Computing table for dataset: /D ...
Computing table for dataset: /E ...
Computing table for dataset: /F ...
Computing table for dataset: /G ...
Computing Composition Tables for: ./output/dataset/nber/nber-import-sitcr2l4-1962to2000.h5
Computing table for dataset: /A ...
Computing table for dataset: /B ...
Computing table for dataset: /C ...
Computing table for dataset: /D ...
Computing table for dataset: /E ...
Computing table for dataset: /F ...
Computing table for dataset: /G ...
Computing Composition Tables for: ./output/dataset/nber/nber-export-sitcr2l1-1962to2000.h5
Computing table for dataset: /A ...
Computing table for dataset: /B ...
Computing table for dataset: /C ...
Computing table for dataset: /D ...
Computing table for dataset: /G ...
Computing Composition Tables for: ./output/dataset/nber/nber-import-sitcr2l2-1962to2000.h5
Computing table for dataset: /A ...
Computing table for dataset: /B ...
Computing table for dataset: /C ...
Computing table for dataset: /D ...
Computing table for dataset: /E ...
Computing table for dataset: /F ...
Computing table for dataset: /G ...
Computing Composition Tables for: ./output/dataset/nber/nber-trade-sitcr2l2-1962to2000.h5
Computing table for dataset: /A ...
Computing table for dataset: /B ...
Computing table for dataset: /C ...
Computing table for dataset: /D ...
Computing table for dataset: /E ...
Computing table for dataset: /F ...
Computing table for dataset: /G ...
Computing Composition Tables for: ./output/dataset/nber/nber-export-sitcr2l2-1962to2000.h5
Computing table for dataset: /A ...
Computing table for dataset: /B ...
Computing table for dataset: /C ...
Computing table for dataset: /D ...
Computing table for dataset: /E ...
Computing table for dataset: /F ...
Computing table for dataset: /G ...
Computing Composition Tables for: ./output/dataset/nber/nber-trade-sitcr2l4-1962to2000.h5
Computing table for dataset: /A ...
Computing table for dataset: /B ...
Computing table for dataset: /C ...
Computing table for dataset: /D ...
Computing table for dataset: /E ...
Computing table for dataset: /F ...
Computing table for dataset: /G ...

Running DATASET_7400_SIMPLESTATS_TABLE ...

Running STATS on File ./output/dataset/nber/Y7400/nber-import-sitcr2l2-1974to2000.h5
Computing SIMPLE STATS for dataset: A
Computing SIMPLE STATS for dataset: B
Computing SIMPLE STATS for dataset: C
Computing SIMPLE STATS for dataset: D
Computing SIMPLE STATS for dataset: E
Computing SIMPLE STATS for dataset: F
Computing SIMPLE STATS for dataset: G
Running STATS on File ./output/dataset/nber/Y7400/nber-import-sitcr2l1-1974to2000.h5
Computing SIMPLE STATS for dataset: A
Computing SIMPLE STATS for dataset: B
Computing SIMPLE STATS for dataset: C
Computing SIMPLE STATS for dataset: D
Computing SIMPLE STATS for dataset: E
Computing SIMPLE STATS for dataset: F
Computing SIMPLE STATS for dataset: G
Running STATS on File ./output/dataset/nber/Y7400/nber-trade-sitcr2l3-1974to2000.h5
Computing SIMPLE STATS for dataset: A
Computing SIMPLE STATS for dataset: B
Computing SIMPLE STATS for dataset: C
Computing SIMPLE STATS for dataset: D
Computing SIMPLE STATS for dataset: E
Computing SIMPLE STATS for dataset: F
Computing SIMPLE STATS for dataset: G
Running STATS on File ./output/dataset/nber/Y7400/nber-export-sitcr2l1-1974to2000.h5
Computing SIMPLE STATS for dataset: A
Computing SIMPLE STATS for dataset: B
Computing SIMPLE STATS for dataset: C
Computing SIMPLE STATS for dataset: D
Computing SIMPLE STATS for dataset: E
Computing SIMPLE STATS for dataset: F
Computing SIMPLE STATS for dataset: G
Running STATS on File ./output/dataset/nber/Y7400/nber-trade-sitcr2l4-1974to2000.h5
Computing SIMPLE STATS for dataset: A
Computing SIMPLE STATS for dataset: B
Computing SIMPLE STATS for dataset: C
Computing SIMPLE STATS for dataset: D
Computing SIMPLE STATS for dataset: E
Computing SIMPLE STATS for dataset: F
Computing SIMPLE STATS for dataset: G
Running STATS on File ./output/dataset/nber/Y7400/nber-export-sitcr2l4-1974to2000.h5
Computing SIMPLE STATS for dataset: A
Computing SIMPLE STATS for dataset: B
Computing SIMPLE STATS for dataset: C
Computing SIMPLE STATS for dataset: D
Computing SIMPLE STATS for dataset: E
Computing SIMPLE STATS for dataset: F
Computing SIMPLE STATS for dataset: G
Running STATS on File ./output/dataset/nber/Y7400/nber-import-sitcr2l4-1974to2000.h5
Computing SIMPLE STATS for dataset: A
Computing SIMPLE STATS for dataset: B
Computing SIMPLE STATS for dataset: C
Computing SIMPLE STATS for dataset: D
Computing SIMPLE STATS for dataset: E
Computing SIMPLE STATS for dataset: F
Computing SIMPLE STATS for dataset: G
Running STATS on File ./output/dataset/nber/Y7400/nber-export-sitcr2l3-1974to2000.h5
Computing SIMPLE STATS for dataset: A
Computing SIMPLE STATS for dataset: B
Computing SIMPLE STATS for dataset: C
Computing SIMPLE STATS for dataset: D
Computing SIMPLE STATS for dataset: E
Computing SIMPLE STATS for dataset: F
Computing SIMPLE STATS for dataset: G
Running STATS on File ./output/dataset/nber/Y7400/nber-import-sitcr2l3-1974to2000.h5
Computing SIMPLE STATS for dataset: A
Computing SIMPLE STATS for dataset: B
Computing SIMPLE STATS for dataset: C
Computing SIMPLE STATS for dataset: D
Computing SIMPLE STATS for dataset: E
Computing SIMPLE STATS for dataset: F
Computing SIMPLE STATS for dataset: G
Running STATS on File ./output/dataset/nber/Y7400/nber-export-sitcr2l2-1974to2000.h5
Computing SIMPLE STATS for dataset: A
Computing SIMPLE STATS for dataset: B
Computing SIMPLE STATS for dataset: C
Computing SIMPLE STATS for dataset: D
Computing SIMPLE STATS for dataset: E
Computing SIMPLE STATS for dataset: F
Computing SIMPLE STATS for dataset: G
Running STATS on File ./output/dataset/nber/Y7400/nber-trade-sitcr2l2-1974to2000.h5
Computing SIMPLE STATS for dataset: A
Computing SIMPLE STATS for dataset: B
Computing SIMPLE STATS for dataset: C
Computing SIMPLE STATS for dataset: D
Computing SIMPLE STATS for dataset: E
Computing SIMPLE STATS for dataset: F
Computing SIMPLE STATS for dataset: G
Running STATS on File ./output/dataset/nber/Y7400/nber-trade-sitcr2l1-1974to2000.h5
Computing SIMPLE STATS for dataset: A
Computing SIMPLE STATS for dataset: B
Computing SIMPLE STATS for dataset: C
Computing SIMPLE STATS for dataset: D
Computing SIMPLE STATS for dataset: E
Computing SIMPLE STATS for dataset: F
Computing SIMPLE STATS for dataset: G
[7400] Running DATASET_PRODUCTCODE_INTERTEMPORAL_TABLES ...
Computing Composition Tables for: ./output/dataset/nber/Y7400/nber-import-sitcr2l2-1974to2000.h5
Computing table for dataset: /A ...
Computing table for dataset: /B ...
Computing table for dataset: /C ...
Computing table for dataset: /D ...
Computing table for dataset: /E ...
Computing table for dataset: /F ...
Computing table for dataset: /G ...
Computing Composition Tables for: ./output/dataset/nber/Y7400/nber-import-sitcr2l1-1974to2000.h5
Computing table for dataset: /A ...
Computing table for dataset: /B ...
Computing table for dataset: /C ...
Computing table for dataset: /D ...
Computing table for dataset: /E ...
Computing table for dataset: /F ...
Computing table for dataset: /G ...
Computing Composition Tables for: ./output/dataset/nber/Y7400/nber-trade-sitcr2l3-1974to2000.h5
Computing table for dataset: /A ...
Computing table for dataset: /B ...
Computing table for dataset: /C ...
Computing table for dataset: /D ...
Computing table for dataset: /E ...
Computing table for dataset: /F ...
Computing table for dataset: /G ...
Computing Composition Tables for: ./output/dataset/nber/Y7400/nber-export-sitcr2l1-1974to2000.h5
Computing table for dataset: /A ...
Computing table for dataset: /B ...
Computing table for dataset: /C ...
Computing table for dataset: /D ...
Computing table for dataset: /E ...
Computing table for dataset: /F ...
Computing table for dataset: /G ...
Computing Composition Tables for: ./output/dataset/nber/Y7400/nber-trade-sitcr2l4-1974to2000.h5
Computing table for dataset: /A ...
Computing table for dataset: /B ...
Computing table for dataset: /C ...
Computing table for dataset: /D ...
Computing table for dataset: /E ...
Computing table for dataset: /F ...
Computing table for dataset: /G ...
Computing Composition Tables for: ./output/dataset/nber/Y7400/nber-export-sitcr2l4-1974to2000.h5
Computing table for dataset: /A ...
Computing table for dataset: /B ...
Computing table for dataset: /C ...
Computing table for dataset: /D ...
Computing table for dataset: /E ...
Computing table for dataset: /F ...
Computing table for dataset: /G ...
Computing Composition Tables for: ./output/dataset/nber/Y7400/nber-import-sitcr2l4-1974to2000.h5
Computing table for dataset: /A ...
Computing table for dataset: /B ...
Computing table for dataset: /C ...
Computing table for dataset: /D ...
Computing table for dataset: /E ...
Computing table for dataset: /F ...
Computing table for dataset: /G ...
Computing Composition Tables for: ./output/dataset/nber/Y7400/nber-export-sitcr2l3-1974to2000.h5
Computing table for dataset: /A ...
Computing table for dataset: /B ...
Computing table for dataset: /C ...
Computing table for dataset: /D ...
Computing table for dataset: /E ...
Computing table for dataset: /F ...
Computing table for dataset: /G ...
Computing Composition Tables for: ./output/dataset/nber/Y7400/nber-import-sitcr2l3-1974to2000.h5
Computing table for dataset: /A ...
Computing table for dataset: /B ...
Computing table for dataset: /C ...
Computing table for dataset: /D ...
Computing table for dataset: /E ...
Computing table for dataset: /F ...
Computing table for dataset: /G ...
Computing Composition Tables for: ./output/dataset/nber/Y7400/nber-export-sitcr2l2-1974to2000.h5
Computing table for dataset: /A ...
Computing table for dataset: /B ...
Computing table for dataset: /C ...
Computing table for dataset: /D ...
Computing table for dataset: /E ...
Computing table for dataset: /F ...
Computing table for dataset: /G ...
Computing Composition Tables for: ./output/dataset/nber/Y7400/nber-trade-sitcr2l2-1974to2000.h5
Computing table for dataset: /A ...
Computing table for dataset: /B ...
Computing table for dataset: /C ...
Computing table for dataset: /D ...
Computing table for dataset: /E ...
Computing table for dataset: /F ...
Computing table for dataset: /G ...
Computing Composition Tables for: ./output/dataset/nber/Y7400/nber-trade-sitcr2l1-1974to2000.h5
Computing table for dataset: /A ...
Computing table for dataset: /B ...
Computing table for dataset: /C ...
Computing table for dataset: /D ...
Computing table for dataset: /E ...
Computing table for dataset: /F ...
Computing table for dataset: /G ...

[8400] Running DATASET_8400_SIMPLESTATS_TABLE ...

Running STATS on File ./output/dataset/nber/Y8400/nber-trade-sitcr2l4-1984to2000.h5
Computing SIMPLE STATS for dataset: A
Computing SIMPLE STATS for dataset: B
Computing SIMPLE STATS for dataset: C
Computing SIMPLE STATS for dataset: D
Computing SIMPLE STATS for dataset: E
Computing SIMPLE STATS for dataset: F
Computing SIMPLE STATS for dataset: G
Running STATS on File ./output/dataset/nber/Y8400/nber-export-sitcr2l2-1984to2000.h5
Computing SIMPLE STATS for dataset: A
Computing SIMPLE STATS for dataset: B
Computing SIMPLE STATS for dataset: C
Computing SIMPLE STATS for dataset: D
Computing SIMPLE STATS for dataset: E
Computing SIMPLE STATS for dataset: F
Computing SIMPLE STATS for dataset: G
Running STATS on File ./output/dataset/nber/Y8400/nber-import-sitcr2l3-1984to2000.h5
Computing SIMPLE STATS for dataset: A
Computing SIMPLE STATS for dataset: B
Computing SIMPLE STATS for dataset: C
Computing SIMPLE STATS for dataset: D
Computing SIMPLE STATS for dataset: E
Computing SIMPLE STATS for dataset: F
Computing SIMPLE STATS for dataset: G
Running STATS on File ./output/dataset/nber/Y8400/nber-trade-sitcr2l3-1984to2000.h5
Computing SIMPLE STATS for dataset: A
Computing SIMPLE STATS for dataset: B
Computing SIMPLE STATS for dataset: C
Computing SIMPLE STATS for dataset: D
Computing SIMPLE STATS for dataset: E
Computing SIMPLE STATS for dataset: F
Computing SIMPLE STATS for dataset: G
Running STATS on File ./output/dataset/nber/Y8400/nber-export-sitcr2l4-1984to2000.h5
Computing SIMPLE STATS for dataset: A
Computing SIMPLE STATS for dataset: B
Computing SIMPLE STATS for dataset: C
Computing SIMPLE STATS for dataset: D
Computing SIMPLE STATS for dataset: E
Computing SIMPLE STATS for dataset: F
Computing SIMPLE STATS for dataset: G
Running STATS on File ./output/dataset/nber/Y8400/nber-import-sitcr2l4-1984to2000.h5
Computing SIMPLE STATS for dataset: A
Computing SIMPLE STATS for dataset: B
Computing SIMPLE STATS for dataset: C
Computing SIMPLE STATS for dataset: D
Computing SIMPLE STATS for dataset: E
Computing SIMPLE STATS for dataset: F
Computing SIMPLE STATS for dataset: G
Running STATS on File ./output/dataset/nber/Y8400/nber-export-sitcr2l3-1984to2000.h5
Computing SIMPLE STATS for dataset: A
Computing SIMPLE STATS for dataset: B
Computing SIMPLE STATS for dataset: C
Computing SIMPLE STATS for dataset: D
Computing SIMPLE STATS for dataset: E
Computing SIMPLE STATS for dataset: F
Computing SIMPLE STATS for dataset: G
Running STATS on File ./output/dataset/nber/Y8400/nber-trade-sitcr2l2-1984to2000.h5
Computing SIMPLE STATS for dataset: A
Computing SIMPLE STATS for dataset: B
Computing SIMPLE STATS for dataset: C
Computing SIMPLE STATS for dataset: D
Computing SIMPLE STATS for dataset: E
Computing SIMPLE STATS for dataset: F
Computing SIMPLE STATS for dataset: G
Running STATS on File ./output/dataset/nber/Y8400/nber-import-sitcr2l2-1984to2000.h5
Computing SIMPLE STATS for dataset: A
Computing SIMPLE STATS for dataset: B
Computing SIMPLE STATS for dataset: C
Computing SIMPLE STATS for dataset: D
Computing SIMPLE STATS for dataset: E
Computing SIMPLE STATS for dataset: F
Computing SIMPLE STATS for dataset: G
Running STATS on File ./output/dataset/nber/Y8400/nber-import-sitcr2l1-1984to2000.h5
Computing SIMPLE STATS for dataset: A
Computing SIMPLE STATS for dataset: B
Computing SIMPLE STATS for dataset: C
Computing SIMPLE STATS for dataset: D
Computing SIMPLE STATS for dataset: E
Computing SIMPLE STATS for dataset: F
Computing SIMPLE STATS for dataset: G
Running STATS on File ./output/dataset/nber/Y8400/nber-export-sitcr2l1-1984to2000.h5
Computing SIMPLE STATS for dataset: A
Computing SIMPLE STATS for dataset: B
Computing SIMPLE STATS for dataset: C
Computing SIMPLE STATS for dataset: D
Computing SIMPLE STATS for dataset: E
Computing SIMPLE STATS for dataset: F
Computing SIMPLE STATS for dataset: G
Running STATS on File ./output/dataset/nber/Y8400/nber-trade-sitcr2l1-1984to2000.h5
Computing SIMPLE STATS for dataset: A
Computing SIMPLE STATS for dataset: B
Computing SIMPLE STATS for dataset: C
Computing SIMPLE STATS for dataset: D
Computing SIMPLE STATS for dataset: E
Computing SIMPLE STATS for dataset: F
Computing SIMPLE STATS for dataset: G
[8400] Running DATASET_PRODUCTCODE_INTERTEMPORAL_TABLES ...
Computing Composition Tables for: ./output/dataset/nber/Y8400/nber-trade-sitcr2l4-1984to2000.h5
Computing table for dataset: /A ...
Computing table for dataset: /B ...
Computing table for dataset: /C ...
Computing table for dataset: /D ...
Computing table for dataset: /E ...
Computing table for dataset: /F ...
Computing table for dataset: /G ...
Computing Composition Tables for: ./output/dataset/nber/Y8400/nber-export-sitcr2l2-1984to2000.h5
Computing table for dataset: /A ...
Computing table for dataset: /B ...
Computing table for dataset: /C ...
Computing table for dataset: /D ...
Computing table for dataset: /E ...
Computing table for dataset: /F ...
Computing table for dataset: /G ...
Computing Composition Tables for: ./output/dataset/nber/Y8400/nber-import-sitcr2l3-1984to2000.h5
Computing table for dataset: /A ...
Computing table for dataset: /B ...
Computing table for dataset: /C ...
Computing table for dataset: /D ...
Computing table for dataset: /E ...
Computing table for dataset: /F ...
Computing table for dataset: /G ...
Computing Composition Tables for: ./output/dataset/nber/Y8400/nber-trade-sitcr2l3-1984to2000.h5
Computing table for dataset: /A ...
Computing table for dataset: /B ...
Computing table for dataset: /C ...
Computing table for dataset: /D ...
Computing table for dataset: /E ...
Computing table for dataset: /F ...
Computing table for dataset: /G ...
Computing Composition Tables for: ./output/dataset/nber/Y8400/nber-export-sitcr2l4-1984to2000.h5
Computing table for dataset: /A ...
Computing table for dataset: /B ...
Computing table for dataset: /C ...
Computing table for dataset: /D ...
Computing table for dataset: /E ...
Computing table for dataset: /F ...
Computing table for dataset: /G ...
Computing Composition Tables for: ./output/dataset/nber/Y8400/nber-import-sitcr2l4-1984to2000.h5
Computing table for dataset: /A ...
Computing table for dataset: /B ...
Computing table for dataset: /C ...
Computing table for dataset: /D ...
Computing table for dataset: /E ...
Computing table for dataset: /F ...
Computing table for dataset: /G ...
Computing Composition Tables for: ./output/dataset/nber/Y8400/nber-export-sitcr2l3-1984to2000.h5
Computing table for dataset: /A ...
Computing table for dataset: /B ...
Computing table for dataset: /C ...
Computing table for dataset: /D ...
Computing table for dataset: /E ...
Computing table for dataset: /F ...
Computing table for dataset: /G ...
Computing Composition Tables for: ./output/dataset/nber/Y8400/nber-trade-sitcr2l2-1984to2000.h5
Computing table for dataset: /A ...
Computing table for dataset: /B ...
Computing table for dataset: /C ...
Computing table for dataset: /D ...
Computing table for dataset: /E ...
Computing table for dataset: /F ...
Computing table for dataset: /G ...
Computing Composition Tables for: ./output/dataset/nber/Y8400/nber-import-sitcr2l2-1984to2000.h5
Computing table for dataset: /A ...
Computing table for dataset: /B ...
Computing table for dataset: /C ...
Computing table for dataset: /D ...
Computing table for dataset: /E ...
Computing table for dataset: /F ...
Computing table for dataset: /G ...
Computing Composition Tables for: ./output/dataset/nber/Y8400/nber-import-sitcr2l1-1984to2000.h5
Computing table for dataset: /A ...
Computing table for dataset: /B ...
Computing table for dataset: /C ...
Computing table for dataset: /D ...
Computing table for dataset: /E ...
Computing table for dataset: /F ...
Computing table for dataset: /G ...
Computing Composition Tables for: ./output/dataset/nber/Y8400/nber-export-sitcr2l1-1984to2000.h5
Computing table for dataset: /A ...
Computing table for dataset: /B ...
Computing table for dataset: /C ...
Computing table for dataset: /D ...
Computing table for dataset: /E ...
Computing table for dataset: /F ...
Computing table for dataset: /G ...
Computing Composition Tables for: ./output/dataset/nber/Y8400/nber-trade-sitcr2l1-1984to2000.h5
Computing table for dataset: /A ...
Computing table for dataset: /B ...
Computing table for dataset: /C ...
Computing table for dataset: /D ...
Computing table for dataset: /E ...
Computing table for dataset: /F ...
Computing table for dataset: /G ...
