
[INFO] Setup of WDI() is complete!

[INFO] Processing VALUES Data ...
None
Processing SITCR2 for export data ...
[INFO] Fetching CIDAtlas Data from /home/ubuntu/work-data/datasets/2d48c79173719bd41eb5e192fb4470b6/
[INFO] Loading RAW DATA for year: 1962 ...
[INFO] Loading RAW DATA for year: 1963 ...
[INFO] Loading RAW DATA for year: 1964 ...
[INFO] Loading RAW DATA for year: 1965 ...
[INFO] Loading RAW DATA for year: 1966 ...
[INFO] Loading RAW DATA for year: 1967 ...
[INFO] Loading RAW DATA for year: 1968 ...
[INFO] Loading RAW DATA for year: 1969 ...
[INFO] Loading RAW DATA for year: 1970 ...
[INFO] Loading RAW DATA for year: 1971 ...
[INFO] Loading RAW DATA for year: 1972 ...
[INFO] Loading RAW DATA for year: 1973 ...
[INFO] Loading RAW DATA for year: 1974 ...
[INFO] Loading RAW DATA for year: 1975 ...
[INFO] Loading RAW DATA for year: 1976 ...
[INFO] Loading RAW DATA for year: 1977 ...
[INFO] Loading RAW DATA for year: 1978 ...
[INFO] Loading RAW DATA for year: 1979 ...
[INFO] Loading RAW DATA for year: 1980 ...
[INFO] Loading RAW DATA for year: 1981 ...
[INFO] Loading RAW DATA for year: 1982 ...
[INFO] Loading RAW DATA for year: 1983 ...
[INFO] Loading RAW DATA for year: 1984 ...
[INFO] Loading RAW DATA for year: 1985 ...
[INFO] Loading RAW DATA for year: 1986 ...
[INFO] Loading RAW DATA for year: 1987 ...
[INFO] Loading RAW DATA for year: 1988 ...
[INFO] Loading RAW DATA for year: 1989 ...
[INFO] Loading RAW DATA for year: 1990 ...
[INFO] Loading RAW DATA for year: 1991 ...
[INFO] Loading RAW DATA for year: 1992 ...
[INFO] Loading RAW DATA for year: 1993 ...
[INFO] Loading RAW DATA for year: 1994 ...
[INFO] Loading RAW DATA for year: 1995 ...
[INFO] Loading RAW DATA for year: 1996 ...
[INFO] Loading RAW DATA for year: 1997 ...
[INFO] Loading RAW DATA for year: 1998 ...
[INFO] Loading RAW DATA for year: 1999 ...
[INFO] Loading RAW DATA for year: 2000 ...
[INFO] Loading RAW DATA for year: 2001 ...
[INFO] Loading RAW DATA for year: 2002 ...
[INFO] Loading RAW DATA for year: 2003 ...
[INFO] Loading RAW DATA for year: 2004 ...
[INFO] Loading RAW DATA for year: 2005 ...
[INFO] Loading RAW DATA for year: 2006 ...
[INFO] Loading RAW DATA for year: 2007 ...
[INFO] Loading RAW DATA for year: 2008 ...
[INFO] Loading RAW DATA for year: 2009 ...
[INFO] Loading RAW DATA for year: 2010 ...
[INFO] Loading RAW DATA for year: 2011 ...
[INFO] Loading RAW DATA for year: 2012 ...
[INFO] Running .construct_standardized_dataset()
[INFO] ... dropping eiso3c codes set(['XXC', 'XXB', 'XXA', 'XXG', 'XXF', 'XXE', 'XXD', 'XXI', 'XXH'])
[INFO] Saving Level 4 ... 
[INFO] Saving Level 3 ... 
[INFO] Saving Level 2 ... 
[INFO] Saving Level 1 ... 
Processing SITCR2 for import data ...
[INFO] Fetching CIDAtlas Data from /home/ubuntu/work-data/datasets/2d48c79173719bd41eb5e192fb4470b6/
[INFO] Loading RAW DATA for year: 1962 ...
[INFO] Loading RAW DATA for year: 1963 ...
[INFO] Loading RAW DATA for year: 1964 ...
[INFO] Loading RAW DATA for year: 1965 ...
[INFO] Loading RAW DATA for year: 1966 ...
[INFO] Loading RAW DATA for year: 1967 ...
[INFO] Loading RAW DATA for year: 1968 ...
[INFO] Loading RAW DATA for year: 1969 ...
[INFO] Loading RAW DATA for year: 1970 ...
[INFO] Loading RAW DATA for year: 1971 ...
[INFO] Loading RAW DATA for year: 1972 ...
[INFO] Loading RAW DATA for year: 1973 ...
[INFO] Loading RAW DATA for year: 1974 ...
[INFO] Loading RAW DATA for year: 1975 ...
[INFO] Loading RAW DATA for year: 1976 ...
[INFO] Loading RAW DATA for year: 1977 ...
[INFO] Loading RAW DATA for year: 1978 ...
[INFO] Loading RAW DATA for year: 1979 ...
[INFO] Loading RAW DATA for year: 1980 ...
[INFO] Loading RAW DATA for year: 1981 ...
[INFO] Loading RAW DATA for year: 1982 ...
[INFO] Loading RAW DATA for year: 1983 ...
[INFO] Loading RAW DATA for year: 1984 ...
[INFO] Loading RAW DATA for year: 1985 ...
[INFO] Loading RAW DATA for year: 1986 ...
[INFO] Loading RAW DATA for year: 1987 ...
[INFO] Loading RAW DATA for year: 1988 ...
[INFO] Loading RAW DATA for year: 1989 ...
[INFO] Loading RAW DATA for year: 1990 ...
[INFO] Loading RAW DATA for year: 1991 ...
[INFO] Loading RAW DATA for year: 1992 ...
[INFO] Loading RAW DATA for year: 1993 ...
[INFO] Loading RAW DATA for year: 1994 ...
[INFO] Loading RAW DATA for year: 1995 ...
[INFO] Loading RAW DATA for year: 1996 ...
[INFO] Loading RAW DATA for year: 1997 ...
[INFO] Loading RAW DATA for year: 1998 ...
[INFO] Loading RAW DATA for year: 1999 ...
[INFO] Loading RAW DATA for year: 2000 ...
[INFO] Loading RAW DATA for year: 2001 ...
[INFO] Loading RAW DATA for year: 2002 ...
[INFO] Loading RAW DATA for year: 2003 ...
[INFO] Loading RAW DATA for year: 2004 ...
[INFO] Loading RAW DATA for year: 2005 ...
[INFO] Loading RAW DATA for year: 2006 ...
[INFO] Loading RAW DATA for year: 2007 ...
[INFO] Loading RAW DATA for year: 2008 ...
[INFO] Loading RAW DATA for year: 2009 ...
[INFO] Loading RAW DATA for year: 2010 ...
[INFO] Loading RAW DATA for year: 2011 ...
[INFO] Loading RAW DATA for year: 2012 ...
[INFO] Running .construct_standardized_dataset()
[INFO] ... dropping iiso3c codes set(['XXC', 'XXB', 'XXA', 'XXG', 'XXF', 'XXE', 'XXD', 'XXI', 'XXH'])
[INFO] Saving Level 4 ... 
[INFO] Saving Level 3 ... 
[INFO] Saving Level 2 ... 
[INFO] Saving Level 1 ... 
None
Processing HS92 for export data ...
[INFO] Fetching CIDAtlas Data from /home/ubuntu/work-data/datasets/2d48c79173719bd41eb5e192fb4470b6/
[INFO] Loading RAW DATA for year: 1995 ...
[INFO] Loading RAW DATA for year: 1996 ...
[INFO] Loading RAW DATA for year: 1997 ...
[INFO] Loading RAW DATA for year: 1998 ...
[INFO] Loading RAW DATA for year: 1999 ...
[INFO] Loading RAW DATA for year: 2000 ...
[INFO] Loading RAW DATA for year: 2001 ...
[INFO] Loading RAW DATA for year: 2002 ...
[INFO] Loading RAW DATA for year: 2003 ...
[INFO] Loading RAW DATA for year: 2004 ...
[INFO] Loading RAW DATA for year: 2005 ...
[INFO] Loading RAW DATA for year: 2006 ...
[INFO] Loading RAW DATA for year: 2007 ...
[INFO] Loading RAW DATA for year: 2008 ...
[INFO] Loading RAW DATA for year: 2009 ...
[INFO] Loading RAW DATA for year: 2010 ...
[INFO] Loading RAW DATA for year: 2011 ...
[INFO] Loading RAW DATA for year: 2012 ...
[INFO] Running .construct_standardized_dataset()
[INFO] ... dropping eiso3c codes set(['XXC', 'XXB', 'XXA', 'XXG', 'XXF', 'XXE', 'XXD', 'XXI', 'XXH'])
[INFO] Saving Level 4 ... 
[INFO] Saving Level 3 ... 
[INFO] Saving Level 2 ... 
[INFO] Saving Level 1 ... 
Processing HS92 for import data ...
[INFO] Fetching CIDAtlas Data from /home/ubuntu/work-data/datasets/2d48c79173719bd41eb5e192fb4470b6/
[INFO] Loading RAW DATA for year: 1995 ...
[INFO] Loading RAW DATA for year: 1996 ...
[INFO] Loading RAW DATA for year: 1997 ...
[INFO] Loading RAW DATA for year: 1998 ...
[INFO] Loading RAW DATA for year: 1999 ...
[INFO] Loading RAW DATA for year: 2000 ...
[INFO] Loading RAW DATA for year: 2001 ...
[INFO] Loading RAW DATA for year: 2002 ...
[INFO] Loading RAW DATA for year: 2003 ...
[INFO] Loading RAW DATA for year: 2004 ...
[INFO] Loading RAW DATA for year: 2005 ...
[INFO] Loading RAW DATA for year: 2006 ...
[INFO] Loading RAW DATA for year: 2007 ...
[INFO] Loading RAW DATA for year: 2008 ...
[INFO] Loading RAW DATA for year: 2009 ...
[INFO] Loading RAW DATA for year: 2010 ...
[INFO] Loading RAW DATA for year: 2011 ...
[INFO] Loading RAW DATA for year: 2012 ...
[INFO] Running .construct_standardized_dataset()
[INFO] ... dropping iiso3c codes set(['XXC', 'XXB', 'XXA', 'XXG', 'XXF', 'XXE', 'XXD', 'XXI', 'XXH'])
[INFO] Saving Level 4 ... 
[INFO] Saving Level 3 ... 
[INFO] Saving Level 2 ... 
[INFO] Saving Level 1 ... 
[INFO] Processing RCA Data ...
Processing SITCR2 for export data ...
[INFO] Fetching CIDAtlas Data from /home/ubuntu/work-data/datasets/2d48c79173719bd41eb5e192fb4470b6/
[INFO] Loading RAW DATA for year: 1962 ...
[INFO] Loading RAW DATA for year: 1963 ...
[INFO] Loading RAW DATA for year: 1964 ...
[INFO] Loading RAW DATA for year: 1965 ...
[INFO] Loading RAW DATA for year: 1966 ...
[INFO] Loading RAW DATA for year: 1967 ...
[INFO] Loading RAW DATA for year: 1968 ...
[INFO] Loading RAW DATA for year: 1969 ...
[INFO] Loading RAW DATA for year: 1970 ...
[INFO] Loading RAW DATA for year: 1971 ...
[INFO] Loading RAW DATA for year: 1972 ...
[INFO] Loading RAW DATA for year: 1973 ...
[INFO] Loading RAW DATA for year: 1974 ...
[INFO] Loading RAW DATA for year: 1975 ...
[INFO] Loading RAW DATA for year: 1976 ...
[INFO] Loading RAW DATA for year: 1977 ...
[INFO] Loading RAW DATA for year: 1978 ...
[INFO] Loading RAW DATA for year: 1979 ...
[INFO] Loading RAW DATA for year: 1980 ...
[INFO] Loading RAW DATA for year: 1981 ...
[INFO] Loading RAW DATA for year: 1982 ...
[INFO] Loading RAW DATA for year: 1983 ...
[INFO] Loading RAW DATA for year: 1984 ...
[INFO] Loading RAW DATA for year: 1985 ...
[INFO] Loading RAW DATA for year: 1986 ...
[INFO] Loading RAW DATA for year: 1987 ...
[INFO] Loading RAW DATA for year: 1988 ...
[INFO] Loading RAW DATA for year: 1989 ...
[INFO] Loading RAW DATA for year: 1990 ...
[INFO] Loading RAW DATA for year: 1991 ...
[INFO] Loading RAW DATA for year: 1992 ...
[INFO] Loading RAW DATA for year: 1993 ...
[INFO] Loading RAW DATA for year: 1994 ...
[INFO] Loading RAW DATA for year: 1995 ...
[INFO] Loading RAW DATA for year: 1996 ...
[INFO] Loading RAW DATA for year: 1997 ...
[INFO] Loading RAW DATA for year: 1998 ...
[INFO] Loading RAW DATA for year: 1999 ...
[INFO] Loading RAW DATA for year: 2000 ...
[INFO] Loading RAW DATA for year: 2001 ...
[INFO] Loading RAW DATA for year: 2002 ...
[INFO] Loading RAW DATA for year: 2003 ...
[INFO] Loading RAW DATA for year: 2004 ...
[INFO] Loading RAW DATA for year: 2005 ...
[INFO] Loading RAW DATA for year: 2006 ...
[INFO] Loading RAW DATA for year: 2007 ...
[INFO] Loading RAW DATA for year: 2008 ...
[INFO] Loading RAW DATA for year: 2009 ...
[INFO] Loading RAW DATA for year: 2010 ...
[INFO] Loading RAW DATA for year: 2011 ...
[INFO] Loading RAW DATA for year: 2012 ...
[INFO] Running .construct_standardized_dataset()
[INFO] ... dropping eiso3c codes set(['XXC', 'XXB', 'XXA', 'XXG', 'XXF', 'XXE', 'XXD', 'XXI', 'XXH'])
Processing SITCR2 for import data ...
[INFO] Fetching CIDAtlas Data from /home/ubuntu/work-data/datasets/2d48c79173719bd41eb5e192fb4470b6/
[INFO] Loading RAW DATA for year: 1962 ...
[INFO] Loading RAW DATA for year: 1963 ...
[INFO] Loading RAW DATA for year: 1964 ...
[INFO] Loading RAW DATA for year: 1965 ...
[INFO] Loading RAW DATA for year: 1966 ...
[INFO] Loading RAW DATA for year: 1967 ...
[INFO] Loading RAW DATA for year: 1968 ...
[INFO] Loading RAW DATA for year: 1969 ...
[INFO] Loading RAW DATA for year: 1970 ...
[INFO] Loading RAW DATA for year: 1971 ...
[INFO] Loading RAW DATA for year: 1972 ...
[INFO] Loading RAW DATA for year: 1973 ...
[INFO] Loading RAW DATA for year: 1974 ...
[INFO] Loading RAW DATA for year: 1975 ...
[INFO] Loading RAW DATA for year: 1976 ...
[INFO] Loading RAW DATA for year: 1977 ...
[INFO] Loading RAW DATA for year: 1978 ...
[INFO] Loading RAW DATA for year: 1979 ...
[INFO] Loading RAW DATA for year: 1980 ...
[INFO] Loading RAW DATA for year: 1981 ...
[INFO] Loading RAW DATA for year: 1982 ...
[INFO] Loading RAW DATA for year: 1983 ...
[INFO] Loading RAW DATA for year: 1984 ...
[INFO] Loading RAW DATA for year: 1985 ...
[INFO] Loading RAW DATA for year: 1986 ...
[INFO] Loading RAW DATA for year: 1987 ...
[INFO] Loading RAW DATA for year: 1988 ...
[INFO] Loading RAW DATA for year: 1989 ...
[INFO] Loading RAW DATA for year: 1990 ...
[INFO] Loading RAW DATA for year: 1991 ...
[INFO] Loading RAW DATA for year: 1992 ...
[INFO] Loading RAW DATA for year: 1993 ...
[INFO] Loading RAW DATA for year: 1994 ...
[INFO] Loading RAW DATA for year: 1995 ...
[INFO] Loading RAW DATA for year: 1996 ...
[INFO] Loading RAW DATA for year: 1997 ...
[INFO] Loading RAW DATA for year: 1998 ...
[INFO] Loading RAW DATA for year: 1999 ...
[INFO] Loading RAW DATA for year: 2000 ...
[INFO] Loading RAW DATA for year: 2001 ...
[INFO] Loading RAW DATA for year: 2002 ...
[INFO] Loading RAW DATA for year: 2003 ...
[INFO] Loading RAW DATA for year: 2004 ...
[INFO] Loading RAW DATA for year: 2005 ...
[INFO] Loading RAW DATA for year: 2006 ...
[INFO] Loading RAW DATA for year: 2007 ...
[INFO] Loading RAW DATA for year: 2008 ...
[INFO] Loading RAW DATA for year: 2009 ...
[INFO] Loading RAW DATA for year: 2010 ...
[INFO] Loading RAW DATA for year: 2011 ...
[INFO] Loading RAW DATA for year: 2012 ...
[INFO] Running .construct_standardized_dataset()
[INFO] ... dropping iiso3c codes set(['XXC', 'XXB', 'XXA', 'XXG', 'XXF', 'XXE', 'XXD', 'XXI', 'XXH'])
Processing HS92 for export data ...
[INFO] Fetching CIDAtlas Data from /home/ubuntu/work-data/datasets/2d48c79173719bd41eb5e192fb4470b6/
[INFO] Loading RAW DATA for year: 1995 ...
[INFO] Loading RAW DATA for year: 1996 ...
[INFO] Loading RAW DATA for year: 1997 ...
[INFO] Loading RAW DATA for year: 1998 ...
[INFO] Loading RAW DATA for year: 1999 ...
[INFO] Loading RAW DATA for year: 2000 ...
[INFO] Loading RAW DATA for year: 2001 ...
[INFO] Loading RAW DATA for year: 2002 ...
[INFO] Loading RAW DATA for year: 2003 ...
[INFO] Loading RAW DATA for year: 2004 ...
[INFO] Loading RAW DATA for year: 2005 ...
[INFO] Loading RAW DATA for year: 2006 ...
[INFO] Loading RAW DATA for year: 2007 ...
[INFO] Loading RAW DATA for year: 2008 ...
[INFO] Loading RAW DATA for year: 2009 ...
[INFO] Loading RAW DATA for year: 2010 ...
[INFO] Loading RAW DATA for year: 2011 ...
[INFO] Loading RAW DATA for year: 2012 ...
[INFO] Running .construct_standardized_dataset()
[INFO] ... dropping eiso3c codes set(['XXC', 'XXB', 'XXA', 'XXG', 'XXF', 'XXE', 'XXD', 'XXI', 'XXH'])
Processing HS92 for import data ...
[INFO] Fetching CIDAtlas Data from /home/ubuntu/work-data/datasets/2d48c79173719bd41eb5e192fb4470b6/
[INFO] Loading RAW DATA for year: 1995 ...
[INFO] Loading RAW DATA for year: 1996 ...
[INFO] Loading RAW DATA for year: 1997 ...
[INFO] Loading RAW DATA for year: 1998 ...
[INFO] Loading RAW DATA for year: 1999 ...
[INFO] Loading RAW DATA for year: 2000 ...
[INFO] Loading RAW DATA for year: 2001 ...
[INFO] Loading RAW DATA for year: 2002 ...
[INFO] Loading RAW DATA for year: 2003 ...
[INFO] Loading RAW DATA for year: 2004 ...
[INFO] Loading RAW DATA for year: 2005 ...
[INFO] Loading RAW DATA for year: 2006 ...
[INFO] Loading RAW DATA for year: 2007 ...
[INFO] Loading RAW DATA for year: 2008 ...
[INFO] Loading RAW DATA for year: 2009 ...
[INFO] Loading RAW DATA for year: 2010 ...
[INFO] Loading RAW DATA for year: 2011 ...
[INFO] Loading RAW DATA for year: 2012 ...
[INFO] Running .construct_standardized_dataset()
[INFO] ... dropping iiso3c codes set(['XXC', 'XXB', 'XXA', 'XXG', 'XXF', 'XXE', 'XXD', 'XXI', 'XXH'])
[INFO] Processing PENN World Tables ... 
Loading data for PENN world tables from: /home/ubuntu/work-data/datasets/2c2e8d593f39ee74aeb2c7c17047ea3f/pwt81.dta
